#
# There is insufficient memory for the Java Runtime Environment to continue.
# Native memory allocation (malloc) failed to allocate 805392 bytes. Error detail: Chunk::new
# Possible reasons:
#   The system is out of physical RAM or swap space
#   This process is running with CompressedOops enabled, and the Java Heap may be blocking the growth of the native heap
# Possible solutions:
#   Reduce memory load on the system
#   Increase physical memory or swap space
#   Check if swap backing store is full
#   Decrease Java heap size (-Xmx/-Xms)
#   Decrease number of Java threads
#   Decrease Java thread stack sizes (-Xss)
#   Set larger code cache with -XX:ReservedCodeCacheSize=
#   JVM is running with Unscaled Compressed Oops mode in which the Java heap is
#     placed in the first 4GB address space. The Java Heap base address is the
#     maximum limit for the native heap growth. Please use -XX:HeapBaseMinAddress
#     to set the Java Heap base and to place the Java Heap above 4GB virtual address.
# This output file may be truncated or incomplete.
#
#  Out of Memory Error (arena.cpp:191), pid=9408, tid=16236
#
# JRE version: OpenJDK Runtime Environment JBR-17.0.14+1-1367.22-nomod (17.0.14+1) (build 17.0.14+1-b1367.22)
# Java VM: OpenJDK 64-Bit Server VM JBR-17.0.14+1-1367.22-nomod (17.0.14+1-b1367.22, mixed mode, sharing, tiered, compressed oops, compressed class ptrs, g1 gc, windows-amd64)
# No core dump will be written. Minidumps are not enabled by default on client versions of Windows
#

---------------  S U M M A R Y ------------

Command Line: org.jetbrains.kotlin.cli.jvm.K2JVMCompiler @C:\Users\LENOVO\StudioProjects\ProjectAkhir\app\build\20251211_6365332454417033329.compiler.options

Host: Intel(R) Celeron(R) N4020 CPU @ 1.10GHz, 2 cores, 3G,  Windows 11 , 64 bit Build 26100 (10.0.26100.7309)
Time: Thu Dec 11 15:24:45 2025 SE Asia Standard Time elapsed time: 13.647811 seconds (0d 0h 0m 13s)

---------------  T H R E A D  ---------------

Current thread (0x0000018953128b10):  JavaThread "C2 CompilerThread0" daemon [_thread_in_native, id=16236, stack(0x0000003a44200000,0x0000003a44300000)]


Current CompileTask:
C2:  13648 4560       4       org.jetbrains.kotlin.load.java.structure.impl.classFiles.BinaryClassSignatureParser::parseParameterizedClassRefSignature (262 bytes)

Stack: [0x0000003a44200000,0x0000003a44300000]
Native frames: (J=compiled Java code, j=interpreted, Vv=VM code, C=native code)
V  [jvm.dll+0x68b969]
V  [jvm.dll+0x84572a]
V  [jvm.dll+0x8473ae]
V  [jvm.dll+0x847a13]
V  [jvm.dll+0x24a83f]
V  [jvm.dll+0xaca04]
V  [jvm.dll+0xad04c]
V  [jvm.dll+0x36af67]
V  [jvm.dll+0x3352ca]
V  [jvm.dll+0x33476a]
V  [jvm.dll+0x21c231]
V  [jvm.dll+0x21b671]
V  [jvm.dll+0x1a6acd]
V  [jvm.dll+0x22b58e]
V  [jvm.dll+0x2296d5]
V  [jvm.dll+0x7f9637]
V  [jvm.dll+0x7f3a1c]
V  [jvm.dll+0x68a7c7]
C  [ucrtbase.dll+0x37b0]
C  [KERNEL32.DLL+0x2e8d7]
C  [ntdll.dll+0x8c53c]


---------------  P R O C E S S  ---------------

Threads class SMR info:
_java_thread_list=0x000001895335bdf0, length=12, elements={
0x000001897aeb3dc0, 0x000001897af5a210, 0x000001897af5d950, 0x0000018953123f20,
0x00000189531268f0, 0x00000189531272b0, 0x000001895312b390, 0x0000018953128b10,
0x000001895312e740, 0x0000018953157e90, 0x000001895338deb0, 0x000001895339d280
}

Java Threads: ( => current thread )
  0x000001897aeb3dc0 JavaThread "main" [_thread_in_vm, id=14284, stack(0x0000003a43500000,0x0000003a43600000)]
  0x000001897af5a210 JavaThread "Reference Handler" daemon [_thread_blocked, id=12348, stack(0x0000003a43c00000,0x0000003a43d00000)]
  0x000001897af5d950 JavaThread "Finalizer" daemon [_thread_blocked, id=7332, stack(0x0000003a43d00000,0x0000003a43e00000)]
  0x0000018953123f20 JavaThread "Signal Dispatcher" daemon [_thread_blocked, id=16184, stack(0x0000003a43e00000,0x0000003a43f00000)]
  0x00000189531268f0 JavaThread "Attach Listener" daemon [_thread_blocked, id=5852, stack(0x0000003a43f00000,0x0000003a44000000)]
  0x00000189531272b0 JavaThread "Service Thread" daemon [_thread_blocked, id=14876, stack(0x0000003a44000000,0x0000003a44100000)]
  0x000001895312b390 JavaThread "Monitor Deflation Thread" daemon [_thread_blocked, id=4656, stack(0x0000003a44100000,0x0000003a44200000)]
=>0x0000018953128b10 JavaThread "C2 CompilerThread0" daemon [_thread_in_native, id=16236, stack(0x0000003a44200000,0x0000003a44300000)]
  0x000001895312e740 JavaThread "C1 CompilerThread0" daemon [_thread_blocked, id=6384, stack(0x0000003a44300000,0x0000003a44400000)]
  0x0000018953157e90 JavaThread "Sweeper thread" daemon [_thread_blocked, id=15144, stack(0x0000003a44400000,0x0000003a44500000)]
  0x000001895338deb0 JavaThread "Notification Thread" daemon [_thread_blocked, id=1204, stack(0x0000003a44500000,0x0000003a44600000)]
  0x000001895339d280 JavaThread "Common-Cleaner" daemon [_thread_blocked, id=14716, stack(0x0000003a44700000,0x0000003a44800000)]

Other Threads:
  0x000001897af549c0 VMThread "VM Thread" [stack: 0x0000003a43b00000,0x0000003a43c00000] [id=10824]
  0x000001895339c7d0 WatcherThread [stack: 0x0000003a44600000,0x0000003a44700000] [id=13024]
  0x000001897aef0da0 GCTaskThread "GC Thread#0" [stack: 0x0000003a43600000,0x0000003a43700000] [id=12028]
  0x0000018953567db0 GCTaskThread "GC Thread#1" [stack: 0x0000003a44800000,0x0000003a44900000] [id=14168]
  0x000001897aef9ec0 ConcurrentGCThread "G1 Main Marker" [stack: 0x0000003a43700000,0x0000003a43800000] [id=10416]
  0x000001897aefbf30 ConcurrentGCThread "G1 Conc#0" [stack: 0x0000003a43800000,0x0000003a43900000] [id=2528]
  0x000001897af32ed0 ConcurrentGCThread "G1 Refine#0" [stack: 0x0000003a43900000,0x0000003a43a00000] [id=11712]
  0x000001897af337a0 ConcurrentGCThread "G1 Service" [stack: 0x0000003a43a00000,0x0000003a43b00000] [id=14860]

Threads with active compile tasks:
C2 CompilerThread0    13830 4560       4       org.jetbrains.kotlin.load.java.structure.impl.classFiles.BinaryClassSignatureParser::parseParameterizedClassRefSignature (262 bytes)

VM state: not at safepoint (normal execution)

VM Mutex/Monitor currently owned by a thread: None

Heap address: 0x00000000c5800000, size: 936 MB, Compressed Oops mode: 32-bit

CDS archive(s) mapped at: [0x0000018912000000-0x0000018912c00000-0x0000018912c00000), size 12582912, SharedBaseAddress: 0x0000018912000000, ArchiveRelocationMode: 1.
Compressed class space mapped at: 0x0000018913000000-0x0000018953000000, reserved size: 1073741824
Narrow klass base: 0x0000018912000000, Narrow klass shift: 0, Narrow klass range: 0x100000000

GC Precious Log:
 CPUs: 2 total, 2 available
 Memory: 3737M
 Large Page Support: Disabled
 NUMA Support: Disabled
 Compressed Oops: Enabled (32-bit)
 Heap Region Size: 1M
 Heap Min Capacity: 8M
 Heap Initial Capacity: 60M
 Heap Max Capacity: 936M
 Pre-touch: Disabled
 Parallel Workers: 2
 Concurrent Workers: 1
 Concurrent Refinement Workers: 2
 Periodic GC: Disabled

Heap:
 garbage-first heap   total 63488K, used 43879K [0x00000000c5800000, 0x0000000100000000)
  region size 1024K, 12 young (12288K), 2 survivors (2048K)
 Metaspace       used 42662K, committed 42880K, reserved 1114112K
  class space    used 5399K, committed 5504K, reserved 1048576K

Heap Regions: E=young(eden), S=young(survivor), O=old, HS=humongous(starts), HC=humongous(continues), CS=collection set, F=free, OA=open archive, CA=closed archive, TAMS=top-at-mark-start (previous, next)
|   0|0x00000000c5800000, 0x00000000c5900000, 0x00000000c5900000|100%|HS|  |TAMS 0x00000000c5900000, 0x00000000c5800000| Complete 
|   1|0x00000000c5900000, 0x00000000c5a00000, 0x00000000c5a00000|100%|HC|  |TAMS 0x00000000c5a00000, 0x00000000c5900000| Complete 
|   2|0x00000000c5a00000, 0x00000000c5b00000, 0x00000000c5b00000|100%|HC|  |TAMS 0x00000000c5b00000, 0x00000000c5a00000| Complete 
|   3|0x00000000c5b00000, 0x00000000c5c00000, 0x00000000c5c00000|100%|HC|  |TAMS 0x00000000c5c00000, 0x00000000c5b00000| Complete 
|   4|0x00000000c5c00000, 0x00000000c5d00000, 0x00000000c5d00000|100%| O|  |TAMS 0x00000000c5d00000, 0x00000000c5c00000| Untracked 
|   5|0x00000000c5d00000, 0x00000000c5e00000, 0x00000000c5e00000|100%| O|  |TAMS 0x00000000c5e00000, 0x00000000c5d00000| Untracked 
|   6|0x00000000c5e00000, 0x00000000c5f00000, 0x00000000c5f00000|100%| O|  |TAMS 0x00000000c5f00000, 0x00000000c5e00000| Untracked 
|   7|0x00000000c5f00000, 0x00000000c6000000, 0x00000000c6000000|100%|HS|  |TAMS 0x00000000c6000000, 0x00000000c5f00000| Complete 
|   8|0x00000000c6000000, 0x00000000c6100000, 0x00000000c6100000|100%|HC|  |TAMS 0x00000000c6100000, 0x00000000c6000000| Complete 
|   9|0x00000000c6100000, 0x00000000c6200000, 0x00000000c6200000|100%|HC|  |TAMS 0x00000000c6200000, 0x00000000c6100000| Complete 
|  10|0x00000000c6200000, 0x00000000c6300000, 0x00000000c6300000|100%|HC|  |TAMS 0x00000000c6300000, 0x00000000c6200000| Complete 
|  11|0x00000000c6300000, 0x00000000c6400000, 0x00000000c6400000|100%| O|  |TAMS 0x00000000c6400000, 0x00000000c6300000| Untracked 
|  12|0x00000000c6400000, 0x00000000c6500000, 0x00000000c6500000|100%| O|  |TAMS 0x00000000c6500000, 0x00000000c6400000| Untracked 
|  13|0x00000000c6500000, 0x00000000c6600000, 0x00000000c6600000|100%| O|  |TAMS 0x00000000c6600000, 0x00000000c6500000| Untracked 
|  14|0x00000000c6600000, 0x00000000c6700000, 0x00000000c6700000|100%| O|  |TAMS 0x00000000c6700000, 0x00000000c6600000| Untracked 
|  15|0x00000000c6700000, 0x00000000c6800000, 0x00000000c6800000|100%| O|  |TAMS 0x00000000c6800000, 0x00000000c6700000| Untracked 
|  16|0x00000000c6800000, 0x00000000c6900000, 0x00000000c6900000|100%| O|  |TAMS 0x00000000c6900000, 0x00000000c6800000| Untracked 
|  17|0x00000000c6900000, 0x00000000c6a00000, 0x00000000c6a00000|100%| O|  |TAMS 0x00000000c6a00000, 0x00000000c6900000| Untracked 
|  18|0x00000000c6a00000, 0x00000000c6b00000, 0x00000000c6b00000|100%| O|  |TAMS 0x00000000c6b00000, 0x00000000c6a00000| Untracked 
|  19|0x00000000c6b00000, 0x00000000c6c00000, 0x00000000c6c00000|100%| O|  |TAMS 0x00000000c6c00000, 0x00000000c6b00000| Untracked 
|  20|0x00000000c6c00000, 0x00000000c6d00000, 0x00000000c6d00000|100%| O|  |TAMS 0x00000000c6d00000, 0x00000000c6c00000| Untracked 
|  21|0x00000000c6d00000, 0x00000000c6e00000, 0x00000000c6e00000|100%| O|  |TAMS 0x00000000c6e00000, 0x00000000c6d00000| Untracked 
|  22|0x00000000c6e00000, 0x00000000c6f00000, 0x00000000c6f00000|100%| O|  |TAMS 0x00000000c6f00000, 0x00000000c6e00000| Untracked 
|  23|0x00000000c6f00000, 0x00000000c7000000, 0x00000000c7000000|100%| O|  |TAMS 0x00000000c7000000, 0x00000000c6f00000| Untracked 
|  24|0x00000000c7000000, 0x00000000c7100000, 0x00000000c7100000|100%| O|  |TAMS 0x00000000c7100000, 0x00000000c7000000| Untracked 
|  25|0x00000000c7100000, 0x00000000c7200000, 0x00000000c7200000|100%| O|  |TAMS 0x00000000c7200000, 0x00000000c7100000| Untracked 
|  26|0x00000000c7200000, 0x00000000c7300000, 0x00000000c7300000|100%| O|  |TAMS 0x00000000c7300000, 0x00000000c7200000| Untracked 
|  27|0x00000000c7300000, 0x00000000c7400000, 0x00000000c7400000|100%| O|  |TAMS 0x00000000c7400000, 0x00000000c7300000| Untracked 
|  28|0x00000000c7400000, 0x00000000c7500000, 0x00000000c7500000|100%| O|  |TAMS 0x00000000c7433800, 0x00000000c7400000| Untracked 
|  29|0x00000000c7500000, 0x00000000c7600000, 0x00000000c7600000|100%| O|  |TAMS 0x00000000c7500000, 0x00000000c7500000| Untracked 
|  30|0x00000000c7600000, 0x00000000c7700000, 0x00000000c7700000|100%| O|  |TAMS 0x00000000c7600000, 0x00000000c7600000| Untracked 
|  31|0x00000000c7700000, 0x00000000c7754400, 0x00000000c7800000| 32%| O|  |TAMS 0x00000000c7700000, 0x00000000c7700000| Untracked 
|  32|0x00000000c7800000, 0x00000000c7900000, 0x00000000c7900000|100%|HS|  |TAMS 0x00000000c7800000, 0x00000000c7800000| Complete 
|  33|0x00000000c7900000, 0x00000000c7a00000, 0x00000000c7a00000|100%|HC|  |TAMS 0x00000000c7900000, 0x00000000c7900000| Complete 
|  34|0x00000000c7a00000, 0x00000000c7a00000, 0x00000000c7b00000|  0%| F|  |TAMS 0x00000000c7a00000, 0x00000000c7a00000| Untracked 
|  35|0x00000000c7b00000, 0x00000000c7b00000, 0x00000000c7c00000|  0%| F|  |TAMS 0x00000000c7b00000, 0x00000000c7b00000| Untracked 
|  36|0x00000000c7c00000, 0x00000000c7c00000, 0x00000000c7d00000|  0%| F|  |TAMS 0x00000000c7c00000, 0x00000000c7c00000| Untracked 
|  37|0x00000000c7d00000, 0x00000000c7d00000, 0x00000000c7e00000|  0%| F|  |TAMS 0x00000000c7d00000, 0x00000000c7d00000| Untracked 
|  38|0x00000000c7e00000, 0x00000000c7e00000, 0x00000000c7f00000|  0%| F|  |TAMS 0x00000000c7e00000, 0x00000000c7e00000| Untracked 
|  39|0x00000000c7f00000, 0x00000000c7f00000, 0x00000000c8000000|  0%| F|  |TAMS 0x00000000c7f00000, 0x00000000c7f00000| Untracked 
|  40|0x00000000c8000000, 0x00000000c8000000, 0x00000000c8100000|  0%| F|  |TAMS 0x00000000c8000000, 0x00000000c8000000| Untracked 
|  41|0x00000000c8100000, 0x00000000c8100000, 0x00000000c8200000|  0%| F|  |TAMS 0x00000000c8100000, 0x00000000c8100000| Untracked 
|  42|0x00000000c8200000, 0x00000000c8200000, 0x00000000c8300000|  0%| F|  |TAMS 0x00000000c8200000, 0x00000000c8200000| Untracked 
|  43|0x00000000c8300000, 0x00000000c8300000, 0x00000000c8400000|  0%| F|  |TAMS 0x00000000c8300000, 0x00000000c8300000| Untracked 
|  44|0x00000000c8400000, 0x00000000c8400000, 0x00000000c8500000|  0%| F|  |TAMS 0x00000000c8400000, 0x00000000c8400000| Untracked 
|  45|0x00000000c8500000, 0x00000000c8500000, 0x00000000c8600000|  0%| F|  |TAMS 0x00000000c8500000, 0x00000000c8500000| Untracked 
|  46|0x00000000c8600000, 0x00000000c8600000, 0x00000000c8700000|  0%| F|  |TAMS 0x00000000c8600000, 0x00000000c8600000| Untracked 
|  47|0x00000000c8700000, 0x00000000c8785940, 0x00000000c8800000| 52%| S|CS|TAMS 0x00000000c8700000, 0x00000000c8700000| Complete 
|  48|0x00000000c8800000, 0x00000000c8900000, 0x00000000c8900000|100%| S|CS|TAMS 0x00000000c8800000, 0x00000000c8800000| Complete 
|  49|0x00000000c8900000, 0x00000000c8900000, 0x00000000c8a00000|  0%| F|  |TAMS 0x00000000c8900000, 0x00000000c8900000| Untracked 
|  50|0x00000000c8a00000, 0x00000000c8a00000, 0x00000000c8b00000|  0%| F|  |TAMS 0x00000000c8a00000, 0x00000000c8a00000| Untracked 
|  51|0x00000000c8b00000, 0x00000000c8b00000, 0x00000000c8c00000|  0%| F|  |TAMS 0x00000000c8b00000, 0x00000000c8b00000| Untracked 
|  52|0x00000000c8c00000, 0x00000000c8d00000, 0x00000000c8d00000|100%| E|  |TAMS 0x00000000c8c00000, 0x00000000c8c00000| Complete 
|  53|0x00000000c8d00000, 0x00000000c8e00000, 0x00000000c8e00000|100%| E|CS|TAMS 0x00000000c8d00000, 0x00000000c8d00000| Complete 
|  54|0x00000000c8e00000, 0x00000000c8f00000, 0x00000000c8f00000|100%| E|  |TAMS 0x00000000c8e00000, 0x00000000c8e00000| Complete 
|  55|0x00000000c8f00000, 0x00000000c9000000, 0x00000000c9000000|100%| E|CS|TAMS 0x00000000c8f00000, 0x00000000c8f00000| Complete 
|  56|0x00000000c9000000, 0x00000000c9100000, 0x00000000c9100000|100%| E|CS|TAMS 0x00000000c9000000, 0x00000000c9000000| Complete 
|  57|0x00000000c9100000, 0x00000000c9200000, 0x00000000c9200000|100%| E|CS|TAMS 0x00000000c9100000, 0x00000000c9100000| Complete 
|  58|0x00000000c9200000, 0x00000000c9300000, 0x00000000c9300000|100%| E|CS|TAMS 0x00000000c9200000, 0x00000000c9200000| Complete 
|  59|0x00000000c9300000, 0x00000000c9400000, 0x00000000c9400000|100%| E|CS|TAMS 0x00000000c9300000, 0x00000000c9300000| Complete 
|  60|0x00000000c9400000, 0x00000000c9500000, 0x00000000c9500000|100%| E|CS|TAMS 0x00000000c9400000, 0x00000000c9400000| Complete 
|  61|0x00000000c9500000, 0x00000000c9600000, 0x00000000c9600000|100%| E|CS|TAMS 0x00000000c9500000, 0x00000000c9500000| Complete 

Card table byte_map: [0x000001897ac50000,0x000001897ae30000] _byte_map_base: 0x000001897a624000

Marking Bits (Prev, Next): (CMBitMap*) 0x000001897aef1400, (CMBitMap*) 0x000001897aef13c0
 Prev Bits: [0x000001890f000000, 0x000001890fea0000)
 Next Bits: [0x000001897e880000, 0x000001897f720000)

Polling page: 0x0000018978cb0000

Metaspace:

Usage:
  Non-class:     36.39 MB used.
      Class:      5.27 MB used.
       Both:     41.66 MB used.

Virtual space:
  Non-class space:       64.00 MB reserved,      36.50 MB ( 57%) committed,  1 nodes.
      Class space:        1.00 GB reserved,       5.38 MB ( <1%) committed,  1 nodes.
             Both:        1.06 GB reserved,      41.88 MB (  4%) committed. 

Chunk freelists:
   Non-Class:  11.08 MB
       Class:  10.51 MB
        Both:  21.58 MB

MaxMetaspaceSize: unlimited
CompressedClassSpaceSize: 1.00 GB
Initial GC threshold: 21.00 MB
Current GC threshold: 68.69 MB
CDS: on
MetaspaceReclaimPolicy: balanced
 - commit_granule_bytes: 65536.
 - commit_granule_words: 8192.
 - virtual_space_node_default_size: 8388608.
 - enlarge_chunks_in_place: 1.
 - new_chunks_are_fully_committed: 0.
 - uncommit_free_chunks: 1.
 - use_allocation_guard: 0.
 - handle_deallocations: 1.


Internal statistics:

num_allocs_failed_limit: 6.
num_arena_births: 242.
num_arena_deaths: 0.
num_vsnodes_births: 2.
num_vsnodes_deaths: 0.
num_space_committed: 668.
num_space_uncommitted: 0.
num_chunks_returned_to_freelist: 6.
num_chunks_taken_from_freelist: 1721.
num_chunk_merges: 6.
num_chunk_splits: 1375.
num_chunks_enlarged: 1193.
num_inconsistent_stats: 0.

CodeHeap 'non-profiled nmethods': size=120064Kb used=1882Kb max_used=1882Kb free=118181Kb
 bounds [0x0000018907ac0000, 0x0000018907d30000, 0x000001890f000000]
CodeHeap 'profiled nmethods': size=120000Kb used=9767Kb max_used=9767Kb free=110232Kb
 bounds [0x0000018900000000, 0x0000018900990000, 0x0000018907530000]
CodeHeap 'non-nmethods': size=5696Kb used=1274Kb max_used=1314Kb free=4421Kb
 bounds [0x0000018907530000, 0x00000189077a0000, 0x0000018907ac0000]
 total_blobs=5191 nmethods=4598 adapters=506
 compilation: enabled
              stopped_count=0, restarted_count=0
 full_count=0

Compilation events (20 events):
Event: 13.560 Thread 0x000001895312e740 4561       3       org.jetbrains.kotlin.name.Name::isValidIdentifier (71 bytes)
Event: 13.561 Thread 0x000001895312e740 nmethod 4561 0x0000018900973c10 code [0x0000018900973e80, 0x0000018900974898]
Event: 13.563 Thread 0x000001895312e740 4562       3       org.jetbrains.kotlin.load.java.structure.impl.classFiles.AnnotationsAndParameterCollectorMethodVisitor::visitParameterAnnotation (83 bytes)
Event: 13.564 Thread 0x000001895312e740 nmethod 4562 0x0000018900974c90 code [0x0000018900974ee0, 0x00000189009757f8]
Event: 13.565 Thread 0x000001895312e740 4563       3       org.jetbrains.kotlin.load.java.structure.impl.classFiles.AnnotationsAndParameterCollectorMethodVisitor::visitAnnotation (33 bytes)
Event: 13.565 Thread 0x000001895312e740 nmethod 4563 0x0000018900975b10 code [0x0000018900975d20, 0x0000018900976328]
Event: 13.565 Thread 0x000001895312e740 4564       3       org.jetbrains.kotlin.load.java.structure.impl.classFiles.PlainJavaAnnotationArgument::<init> (6 bytes)
Event: 13.565 Thread 0x000001895312e740 nmethod 4564 0x0000018900976590 code [0x0000018900976720, 0x0000018900976868]
Event: 13.566 Thread 0x000001895312e740 4565       3       org.jetbrains.kotlin.load.java.structure.impl.classFiles.BinaryJavaAnnotationVisitor$1::invoke (12 bytes)
Event: 13.566 Thread 0x000001895312e740 nmethod 4565 0x0000018900976910 code [0x0000018900976b40, 0x0000018900977348]
Event: 13.569 Thread 0x000001895312e740 4566       3       org.jetbrains.kotlin.load.java.lazy.descriptors.LazyJavaClassDescriptor$LazyJavaClassTypeConstructor::getDeclarationDescriptor (8 bytes)
Event: 13.570 Thread 0x000001895312e740 nmethod 4566 0x0000018900977610 code [0x00000189009777a0, 0x0000018900977918]
Event: 13.595 Thread 0x000001895312e740 4567       1       org.jetbrains.kotlin.load.java.lazy.descriptors.LazyJavaPackageScope::getOwnerDescriptor (5 bytes)
Event: 13.595 Thread 0x000001895312e740 nmethod 4567 0x0000018907c92a10 code [0x0000018907c92ba0, 0x0000018907c92c78]
Event: 13.596 Thread 0x000001895312e740 4568       1       org.jetbrains.kotlin.load.java.structure.impl.classFiles.PlainJavaClassifierType::getTypeArguments (5 bytes)
Event: 13.596 Thread 0x000001895312e740 nmethod 4568 0x0000018907c92d10 code [0x0000018907c92ea0, 0x0000018907c92f78]
Event: 13.609 Thread 0x000001895312e740 4569       3       javaslang.collection.HashArrayMappedTrieModule$AbstractNode::<init> (5 bytes)
Event: 13.609 Thread 0x000001895312e740 nmethod 4569 0x0000018900977a10 code [0x0000018900977ba0, 0x0000018900977cf8]
Event: 13.611 Thread 0x000001895312e740 4570       3       org.jetbrains.org.objectweb.asm.ClassReader::readParameterAnnotations (106 bytes)
Event: 13.611 Thread 0x000001895312e740 nmethod 4570 0x0000018900977d90 code [0x0000018900977fa0, 0x0000018900978588]

GC Heap History (20 events):
Event: 1.168 GC heap before
{Heap before GC invocations=1 (full 0):
 garbage-first heap   total 61440K, used 11079K [0x00000000c5800000, 0x0000000100000000)
  region size 1024K, 6 young (6144K), 1 survivors (1024K)
 Metaspace       used 3477K, committed 3648K, reserved 1114112K
  class space    used 266K, committed 320K, reserved 1048576K
}
Event: 1.170 GC heap after
{Heap after GC invocations=2 (full 0):
 garbage-first heap   total 61440K, used 6343K [0x00000000c5800000, 0x0000000100000000)
  region size 1024K, 1 young (1024K), 1 survivors (1024K)
 Metaspace       used 3477K, committed 3648K, reserved 1114112K
  class space    used 266K, committed 320K, reserved 1048576K
}
Event: 1.625 GC heap before
{Heap before GC invocations=2 (full 0):
 garbage-first heap   total 61440K, used 17607K [0x00000000c5800000, 0x0000000100000000)
  region size 1024K, 13 young (13312K), 1 survivors (1024K)
 Metaspace       used 6435K, committed 6592K, reserved 1114112K
  class space    used 644K, committed 704K, reserved 1048576K
}
Event: 1.629 GC heap after
{Heap after GC invocations=3 (full 0):
 garbage-first heap   total 61440K, used 7483K [0x00000000c5800000, 0x0000000100000000)
  region size 1024K, 2 young (2048K), 2 survivors (2048K)
 Metaspace       used 6435K, committed 6592K, reserved 1114112K
  class space    used 644K, committed 704K, reserved 1048576K
}
Event: 4.046 GC heap before
{Heap before GC invocations=3 (full 0):
 garbage-first heap   total 61440K, used 42299K [0x00000000c5800000, 0x0000000100000000)
  region size 1024K, 36 young (36864K), 2 survivors (2048K)
 Metaspace       used 14284K, committed 14464K, reserved 1114112K
  class space    used 1672K, committed 1792K, reserved 1048576K
}
Event: 4.061 GC heap after
{Heap after GC invocations=4 (full 0):
 garbage-first heap   total 61440K, used 11122K [0x00000000c5800000, 0x0000000100000000)
  region size 1024K, 5 young (5120K), 5 survivors (5120K)
 Metaspace       used 14284K, committed 14464K, reserved 1114112K
  class space    used 1672K, committed 1792K, reserved 1048576K
}
Event: 6.563 GC heap before
{Heap before GC invocations=4 (full 0):
 garbage-first heap   total 61440K, used 41842K [0x00000000c5800000, 0x0000000100000000)
  region size 1024K, 32 young (32768K), 5 survivors (5120K)
 Metaspace       used 21265K, committed 21504K, reserved 1114112K
  class space    used 2574K, committed 2688K, reserved 1048576K
}
Event: 6.578 GC heap after
{Heap after GC invocations=5 (full 0):
 garbage-first heap   total 61440K, used 17637K [0x00000000c5800000, 0x0000000100000000)
  region size 1024K, 3 young (3072K), 3 survivors (3072K)
 Metaspace       used 21265K, committed 21504K, reserved 1114112K
  class space    used 2574K, committed 2688K, reserved 1048576K
}
Event: 8.086 GC heap before
{Heap before GC invocations=6 (full 0):
 garbage-first heap   total 61440K, used 44261K [0x00000000c5800000, 0x0000000100000000)
  region size 1024K, 28 young (28672K), 3 survivors (3072K)
 Metaspace       used 24952K, committed 25280K, reserved 1114112K
  class space    used 3291K, committed 3456K, reserved 1048576K
}
Event: 8.104 GC heap after
{Heap after GC invocations=7 (full 0):
 garbage-first heap   total 61440K, used 24935K [0x00000000c5800000, 0x0000000100000000)
  region size 1024K, 4 young (4096K), 4 survivors (4096K)
 Metaspace       used 24952K, committed 25280K, reserved 1114112K
  class space    used 3291K, committed 3456K, reserved 1048576K
}
Event: 8.912 GC heap before
{Heap before GC invocations=7 (full 0):
 garbage-first heap   total 61440K, used 44391K [0x00000000c5800000, 0x0000000100000000)
  region size 1024K, 23 young (23552K), 4 survivors (4096K)
 Metaspace       used 29200K, committed 29440K, reserved 1114112K
  class space    used 3980K, committed 4096K, reserved 1048576K
}
Event: 8.925 GC heap after
{Heap after GC invocations=8 (full 0):
 garbage-first heap   total 61440K, used 25953K [0x00000000c5800000, 0x0000000100000000)
  region size 1024K, 3 young (3072K), 3 survivors (3072K)
 Metaspace       used 29200K, committed 29440K, reserved 1114112K
  class space    used 3980K, committed 4096K, reserved 1048576K
}
Event: 9.611 GC heap before
{Heap before GC invocations=8 (full 0):
 garbage-first heap   total 61440K, used 44385K [0x00000000c5800000, 0x0000000100000000)
  region size 1024K, 22 young (22528K), 3 survivors (3072K)
 Metaspace       used 33071K, committed 33280K, reserved 1114112K
  class space    used 4377K, committed 4480K, reserved 1048576K
}
Event: 9.620 GC heap after
{Heap after GC invocations=9 (full 0):
 garbage-first heap   total 61440K, used 27648K [0x00000000c5800000, 0x0000000100000000)
  region size 1024K, 2 young (2048K), 2 survivors (2048K)
 Metaspace       used 33071K, committed 33280K, reserved 1114112K
  class space    used 4377K, committed 4480K, reserved 1048576K
}
Event: 10.200 GC heap before
{Heap before GC invocations=9 (full 0):
 garbage-first heap   total 61440K, used 40960K [0x00000000c5800000, 0x0000000100000000)
  region size 1024K, 17 young (17408K), 2 survivors (2048K)
 Metaspace       used 35821K, committed 36096K, reserved 1114112K
  class space    used 4647K, committed 4800K, reserved 1048576K
}
Event: 10.208 GC heap after
{Heap after GC invocations=10 (full 0):
 garbage-first heap   total 61440K, used 29343K [0x00000000c5800000, 0x0000000100000000)
  region size 1024K, 2 young (2048K), 2 survivors (2048K)
 Metaspace       used 35821K, committed 36096K, reserved 1114112K
  class space    used 4647K, committed 4800K, reserved 1048576K
}
Event: 12.224 GC heap before
{Heap before GC invocations=11 (full 0):
 garbage-first heap   total 61440K, used 45727K [0x00000000c5800000, 0x0000000100000000)
  region size 1024K, 19 young (19456K), 2 survivors (2048K)
 Metaspace       used 39780K, committed 40064K, reserved 1114112K
  class space    used 5084K, committed 5184K, reserved 1048576K
}
Event: 12.235 GC heap after
{Heap after GC invocations=12 (full 0):
 garbage-first heap   total 61440K, used 31950K [0x00000000c5800000, 0x0000000100000000)
  region size 1024K, 3 young (3072K), 3 survivors (3072K)
 Metaspace       used 39780K, committed 40064K, reserved 1114112K
  class space    used 5084K, committed 5184K, reserved 1048576K
}
Event: 13.040 GC heap before
{Heap before GC invocations=12 (full 0):
 garbage-first heap   total 61440K, used 42190K [0x00000000c5800000, 0x0000000100000000)
  region size 1024K, 14 young (14336K), 3 survivors (3072K)
 Metaspace       used 41840K, committed 42112K, reserved 1114112K
  class space    used 5316K, committed 5440K, reserved 1048576K
}
Event: 13.050 GC heap after
{Heap after GC invocations=13 (full 0):
 garbage-first heap   total 61440K, used 33639K [0x00000000c5800000, 0x0000000100000000)
  region size 1024K, 2 young (2048K), 2 survivors (2048K)
 Metaspace       used 41840K, committed 42112K, reserved 1114112K
  class space    used 5316K, committed 5440K, reserved 1048576K
}

Dll operation events (3 events):
Event: 0.052 Loaded shared library C:\Users\LENOVO\.jdks\jbr-17.0.14\bin\java.dll
Event: 0.093 Loaded shared library C:\Users\LENOVO\.jdks\jbr-17.0.14\bin\jsvml.dll
Event: 2.903 Loaded shared library C:\Users\LENOVO\.jdks\jbr-17.0.14\bin\verify.dll

Deoptimization events (20 events):
Event: 11.603 Thread 0x000001897aeb3dc0 Uncommon trap: trap_request=0xffffffc6 fr.pc=0x0000018907bd0ae4 relative=0x0000000000000604
Event: 11.603 Thread 0x000001897aeb3dc0 Uncommon trap: reason=bimorphic_or_optimized_type_check action=maybe_recompile pc=0x0000018907bd0ae4 method=org.jetbrains.kotlin.protobuf.CodedInputStream.tryRefillBuffer(I)Z @ 177 c2
Event: 11.603 Thread 0x000001897aeb3dc0 DEOPT PACKING pc=0x0000018907bd0ae4 sp=0x0000003a435fa660
Event: 11.603 Thread 0x000001897aeb3dc0 DEOPT UNPACKING pc=0x000001890758699d sp=0x0000003a435fa540 mode 2
Event: 11.605 Thread 0x000001897aeb3dc0 Uncommon trap: trap_request=0xffffffc6 fr.pc=0x0000018907bd0ae4 relative=0x0000000000000604
Event: 11.605 Thread 0x000001897aeb3dc0 Uncommon trap: reason=bimorphic_or_optimized_type_check action=maybe_recompile pc=0x0000018907bd0ae4 method=org.jetbrains.kotlin.protobuf.CodedInputStream.tryRefillBuffer(I)Z @ 177 c2
Event: 11.605 Thread 0x000001897aeb3dc0 DEOPT PACKING pc=0x0000018907bd0ae4 sp=0x0000003a435faa60
Event: 11.605 Thread 0x000001897aeb3dc0 DEOPT UNPACKING pc=0x000001890758699d sp=0x0000003a435fa948 mode 2
Event: 11.721 Thread 0x000001897aeb3dc0 DEOPT PACKING pc=0x0000018900781a0a sp=0x0000003a435fb230
Event: 11.721 Thread 0x000001897aeb3dc0 DEOPT UNPACKING pc=0x0000018907587124 sp=0x0000003a435fa6c8 mode 0
Event: 12.669 Thread 0x000001897aeb3dc0 DEOPT PACKING pc=0x0000018900495784 sp=0x0000003a435fa6c0
Event: 12.669 Thread 0x000001897aeb3dc0 DEOPT UNPACKING pc=0x0000018907587124 sp=0x0000003a435f9c18 mode 0
Event: 12.866 Thread 0x000001897aeb3dc0 Uncommon trap: trap_request=0xffffffcc fr.pc=0x0000018907c72ec4 relative=0x00000000000002a4
Event: 12.866 Thread 0x000001897aeb3dc0 Uncommon trap: reason=intrinsic_or_type_checked_inlining action=make_not_entrant pc=0x0000018907c72ec4 method=java.util.Arrays.copyOf([Ljava/lang/Object;ILjava/lang/Class;)[Ljava/lang/Object; @ 35 c2
Event: 12.866 Thread 0x000001897aeb3dc0 DEOPT PACKING pc=0x0000018907c72ec4 sp=0x0000003a435fb540
Event: 12.866 Thread 0x000001897aeb3dc0 DEOPT UNPACKING pc=0x000001890758699d sp=0x0000003a435fb4e8 mode 2
Event: 13.236 Thread 0x000001897aeb3dc0 DEOPT PACKING pc=0x00000189004cc7a1 sp=0x0000003a435fc6a0
Event: 13.236 Thread 0x000001897aeb3dc0 DEOPT UNPACKING pc=0x0000018907587124 sp=0x0000003a435fbb68 mode 0
Event: 13.315 Thread 0x000001897aeb3dc0 DEOPT PACKING pc=0x00000189007aa370 sp=0x0000003a435fb6c0
Event: 13.315 Thread 0x000001897aeb3dc0 DEOPT UNPACKING pc=0x0000018907587124 sp=0x0000003a435fab10 mode 0

Classes loaded (20 events):
Event: 10.328 Loading class java/util/EmptyStackException
Event: 10.328 Loading class java/util/EmptyStackException done
Event: 10.337 Loading class java/util/BitSet
Event: 10.337 Loading class java/util/BitSet done
Event: 10.339 Loading class java/util/PrimitiveIterator$OfInt
Event: 10.340 Loading class java/util/PrimitiveIterator
Event: 10.340 Loading class java/util/PrimitiveIterator done
Event: 10.340 Loading class java/util/PrimitiveIterator$OfInt done
Event: 10.420 Loading class java/util/function/IntUnaryOperator
Event: 10.420 Loading class java/util/function/IntUnaryOperator done
Event: 11.310 Loading class java/util/ArrayList$ListItr
Event: 11.310 Loading class java/util/ArrayList$ListItr done
Event: 12.451 Loading class java/util/AbstractList$SubList$1
Event: 12.451 Loading class java/util/AbstractList$SubList$1 done
Event: 12.451 Loading class java/util/AbstractList$ListItr
Event: 12.452 Loading class java/util/AbstractList$ListItr done
Event: 12.742 Loading class java/text/StringCharacterIterator
Event: 12.746 Loading class java/text/CharacterIterator
Event: 12.747 Loading class java/text/CharacterIterator done
Event: 12.747 Loading class java/text/StringCharacterIterator done

Classes unloaded (0 events):
No events

Classes redefined (0 events):
No events

Internal exceptions (20 events):
Event: 2.584 Thread 0x000001897aeb3dc0 Exception <a 'java/lang/NoSuchMethodError'{0x00000000c7c5c440}: 'int java.lang.invoke.DelegatingMethodHandle$Holder.reinvoke_L(java.lang.Object, java.lang.Object, java.lang.Object, long, int)'> (0x00000000c7c5c440) 
thrown [s\src\hotspot\share\interpreter\linkResolver.cpp, line 771]
Event: 2.939 Thread 0x000001897aeb3dc0 Exception <a 'java/lang/NoSuchMethodError'{0x00000000c79b9e58}: 'java.lang.Object java.lang.invoke.DirectMethodHandle$Holder.invokeStaticInit(java.lang.Object)'> (0x00000000c79b9e58) 
thrown [s\src\hotspot\share\interpreter\linkResolver.cpp, line 771]
Event: 3.904 Thread 0x000001897aeb3dc0 Exception <a 'java/lang/NoSuchMethodError'{0x00000000c719acc0}: 'java.lang.Object java.lang.invoke.DirectMethodHandle$Holder.invokeStaticInit(java.lang.Object, int)'> (0x00000000c719acc0) 
thrown [s\src\hotspot\share\interpreter\linkResolver.cpp, line 771]
Event: 3.959 Thread 0x000001897aeb3dc0 Exception <a 'java/lang/NoSuchMethodError'{0x00000000c701a948}: 'void java.lang.invoke.DirectMethodHandle$Holder.invokeStatic(java.lang.Object, java.lang.Object)'> (0x00000000c701a948) 
thrown [s\src\hotspot\share\interpreter\linkResolver.cpp, line 771]
Event: 4.097 Thread 0x000001897aeb3dc0 Exception <a 'java/lang/NoSuchMethodError'{0x00000000c9353250}: 'long java.lang.invoke.DirectMethodHandle$Holder.invokeStatic(java.lang.Object)'> (0x00000000c9353250) 
thrown [s\src\hotspot\share\interpreter\linkResolver.cpp, line 771]
Event: 4.097 Thread 0x000001897aeb3dc0 Exception <a 'java/lang/NoSuchMethodError'{0x00000000c93569a8}: 'long java.lang.invoke.DirectMethodHandle$Holder.invokeStaticInit(java.lang.Object)'> (0x00000000c93569a8) 
thrown [s\src\hotspot\share\interpreter\linkResolver.cpp, line 771]
Event: 4.610 Thread 0x000001897aeb3dc0 Exception <a 'java/lang/NoSuchMethodError'{0x00000000c8f5c148}: 'int java.lang.invoke.DirectMethodHandle$Holder.invokeStaticInit(java.lang.Object, java.lang.Object, java.lang.Object)'> (0x00000000c8f5c148) 
thrown [s\src\hotspot\share\interpreter\linkResolver.cpp, line 771]
Event: 4.617 Thread 0x000001897aeb3dc0 Exception <a 'java/lang/NoSuchMethodError'{0x00000000c8f871b0}: 'int java.lang.invoke.DirectMethodHandle$Holder.invokeStaticInit(java.lang.Object, java.lang.Object)'> (0x00000000c8f871b0) 
thrown [s\src\hotspot\share\interpreter\linkResolver.cpp, line 771]
Event: 4.740 Thread 0x000001897aeb3dc0 Exception <a 'java/lang/NoSuchMethodError'{0x00000000c8e60378}: 'void java.lang.invoke.DirectMethodHandle$Holder.invokeSpecial(java.lang.Object, java.lang.Object, java.lang.Object)'> (0x00000000c8e60378) 
thrown [s\src\hotspot\share\interpreter\linkResolver.cpp, line 771]
Event: 5.781 Thread 0x000001897aeb3dc0 Exception <a 'java/lang/NoSuchMethodError'{0x00000000c8207338}: 'void java.lang.invoke.DirectMethodHandle$Holder.invokeStatic(java.lang.Object, java.lang.Object, java.lang.Object, java.lang.Object)'> (0x00000000c8207338) 
thrown [s\src\hotspot\share\interpreter\linkResolver.cpp, line 771]
Event: 6.140 Thread 0x000001897aeb3dc0 Exception <a 'java/lang/NoSuchMethodError'{0x00000000c7fb1ae8}: 'void java.lang.invoke.DirectMethodHandle$Holder.invokeStaticInit(java.lang.Object, java.lang.Object)'> (0x00000000c7fb1ae8) 
thrown [s\src\hotspot\share\interpreter\linkResolver.cpp, line 771]
Event: 6.664 Thread 0x000001897aeb3dc0 Exception <a 'java/lang/NoSuchMethodError'{0x00000000c922f688}: 'void java.lang.invoke.DirectMethodHandle$Holder.invokeVirtual(java.lang.Object, java.lang.Object)'> (0x00000000c922f688) 
thrown [s\src\hotspot\share\interpreter\linkResolver.cpp, line 771]
Event: 6.685 Thread 0x000001897aeb3dc0 Exception <a 'java/lang/NoSuchMethodError'{0x00000000c92b9d10}: 'int java.lang.invoke.DirectMethodHandle$Holder.invokeVirtual(java.lang.Object, java.lang.Object)'> (0x00000000c92b9d10) 
thrown [s\src\hotspot\share\interpreter\linkResolver.cpp, line 771]
Event: 6.730 Thread 0x000001897aeb3dc0 Exception <a 'java/lang/NoSuchMethodError'{0x00000000c915eba8}: 'java.lang.Object java.lang.invoke.Invokers$Holder.invokeExact_MT(java.lang.Object, java.lang.Object, java.lang.Object, java.lang.Object, java.lang.Object, java.lang.Object)'> (0x00000000c915eba8) 
thrown [s\src\hotspot\share\interpreter\linkResolver.cpp, line 771]
Event: 8.752 Thread 0x000001897aeb3dc0 Exception <a 'java/lang/NoSuchMethodError'{0x00000000c848fdb8}: 'java.lang.Object java.lang.invoke.DirectMethodHandle$Holder.invokeVirtual(java.lang.Object, java.lang.Object, java.lang.Object)'> (0x00000000c848fdb8) 
thrown [s\src\hotspot\share\interpreter\linkResolver.cpp, line 771]
Event: 10.421 Thread 0x000001897aeb3dc0 Exception <a 'java/lang/NoSuchMethodError'{0x00000000c9030c38}: 'java.lang.Object java.lang.invoke.DirectMethodHandle$Holder.newInvokeSpecial(java.lang.Object, java.lang.Object, int)'> (0x00000000c9030c38) 
thrown [s\src\hotspot\share\interpreter\linkResolver.cpp, line 771]
Event: 11.358 Thread 0x000001897aeb3dc0 Exception <a 'java/lang/NoSuchMethodError'{0x00000000c892f010}: 'java.lang.Object java.lang.invoke.DirectMethodHandle$Holder.newInvokeSpecial(java.lang.Object, java.lang.Object, java.lang.Object, int)'> (0x00000000c892f010) 
thrown [s\src\hotspot\share\interpreter\linkResolver.cpp, line 771]
Event: 11.358 Thread 0x000001897aeb3dc0 Exception <a 'java/lang/NoSuchMethodError'{0x00000000c8933698}: 'java.lang.Object java.lang.invoke.DirectMethodHandle$Holder.invokeSpecial(java.lang.Object, java.lang.Object, java.lang.Object, java.lang.Object, int)'> (0x00000000c8933698) 
thrown [s\src\hotspot\share\interpreter\linkResolver.cpp, line 771]
Event: 11.359 Thread 0x000001897aeb3dc0 Exception <a 'java/lang/NoSuchMethodError'{0x00000000c8937508}: 'java.lang.Object java.lang.invoke.Invokers$Holder.linkToTargetMethod(java.lang.Object, java.lang.Object, int, java.lang.Object)'> (0x00000000c8937508) 
thrown [s\src\hotspot\share\interpreter\linkResolver.cpp, line 771]
Event: 11.404 Thread 0x000001897aeb3dc0 Exception <a 'java/lang/NoSuchMethodError'{0x00000000c8986c18}: 'java.lang.Object java.lang.invoke.DirectMethodHandle$Holder.invokeInterface(java.lang.Object, java.lang.Object)'> (0x00000000c8986c18) 
thrown [s\src\hotspot\share\interpreter\linkResolver.cpp, line 771]

VM Operations (20 events):
Event: 12.163 Executing VM operation: HandshakeAllThreads
Event: 12.164 Executing VM operation: HandshakeAllThreads done
Event: 12.224 Executing VM operation: G1CollectForAllocation
Event: 12.235 Executing VM operation: G1CollectForAllocation done
Event: 12.452 Executing VM operation: HandshakeAllThreads
Event: 12.453 Executing VM operation: HandshakeAllThreads done
Event: 12.721 Executing VM operation: HandshakeAllThreads
Event: 12.721 Executing VM operation: HandshakeAllThreads done
Event: 12.723 Executing VM operation: HandshakeAllThreads
Event: 12.723 Executing VM operation: HandshakeAllThreads done
Event: 12.824 Executing VM operation: ICBufferFull
Event: 12.824 Executing VM operation: ICBufferFull done
Event: 13.040 Executing VM operation: G1TryInitiateConcMark
Event: 13.050 Executing VM operation: G1TryInitiateConcMark done
Event: 13.113 Executing VM operation: G1PauseRemark
Event: 13.118 Executing VM operation: G1PauseRemark done
Event: 13.144 Executing VM operation: G1PauseCleanup
Event: 13.146 Executing VM operation: G1PauseCleanup done
Event: 13.447 Executing VM operation: HandshakeAllThreads
Event: 13.447 Executing VM operation: HandshakeAllThreads done

Memory protections (0 events):
No events

Nmethod flushes (0 events):
No events

Events (16 events):
Event: 0.094 Thread 0x000001897aeb3dc0 Thread added: 0x000001897aeb3dc0
Event: 0.098 Thread 0x000001897aeb3dc0 Thread added: 0x000001897af5a210
Event: 0.098 Thread 0x000001897aeb3dc0 Thread added: 0x000001897af5d950
Event: 0.133 Thread 0x000001897aeb3dc0 Thread added: 0x0000018953123f20
Event: 0.133 Thread 0x000001897aeb3dc0 Thread added: 0x00000189531268f0
Event: 0.133 Thread 0x000001897aeb3dc0 Thread added: 0x00000189531272b0
Event: 0.133 Thread 0x000001897aeb3dc0 Thread added: 0x000001895312b390
Event: 0.133 Thread 0x000001897aeb3dc0 Thread added: 0x0000018953128b10
Event: 0.134 Thread 0x000001897aeb3dc0 Thread added: 0x000001895312e740
Event: 0.136 Thread 0x000001897aeb3dc0 Thread added: 0x0000018953157e90
Event: 0.265 Thread 0x000001897aeb3dc0 Thread added: 0x000001895338deb0
Event: 0.276 Thread 0x000001897aeb3dc0 Thread added: 0x000001895339d280
Event: 0.328 Loaded shared library C:\Users\LENOVO\.jdks\jbr-17.0.14\bin\net.dll
Event: 0.366 Loaded shared library C:\Users\LENOVO\.jdks\jbr-17.0.14\bin\nio.dll
Event: 0.493 Loaded shared library C:\Users\LENOVO\.jdks\jbr-17.0.14\bin\zip.dll
Event: 0.608 Loaded shared library C:\Users\LENOVO\.jdks\jbr-17.0.14\bin\jimage.dll


Dynamic libraries:
0x00007ff6ef260000 - 0x00007ff6ef26a000 	C:\Users\LENOVO\.jdks\jbr-17.0.14\bin\java.exe
0x00007ffd3e4e0000 - 0x00007ffd3e747000 	C:\WINDOWS\SYSTEM32\ntdll.dll
0x00007ffd3d5e0000 - 0x00007ffd3d6a9000 	C:\WINDOWS\System32\KERNEL32.DLL
0x00007ffd3bba0000 - 0x00007ffd3bf8f000 	C:\WINDOWS\System32\KERNELBASE.dll
0x00007ffd3ba50000 - 0x00007ffd3bb9b000 	C:\WINDOWS\System32\ucrtbase.dll
0x00007ffd2ae60000 - 0x00007ffd2ae77000 	C:\Users\LENOVO\.jdks\jbr-17.0.14\bin\jli.dll
0x00007ffd27bf0000 - 0x00007ffd27c0b000 	C:\Users\LENOVO\.jdks\jbr-17.0.14\bin\VCRUNTIME140.dll
0x00007ffd3d3f0000 - 0x00007ffd3d5b5000 	C:\WINDOWS\System32\USER32.dll
0x00007ffd3b770000 - 0x00007ffd3b797000 	C:\WINDOWS\System32\win32u.dll
0x00007ffd23c70000 - 0x00007ffd23f03000 	C:\WINDOWS\WinSxS\amd64_microsoft.windows.common-controls_6595b64144ccf1df_6.0.26100.7309_none_3e05feeae336a044\COMCTL32.dll
0x00007ffd3d340000 - 0x00007ffd3d3e9000 	C:\WINDOWS\System32\msvcrt.dll
0x00007ffd3e230000 - 0x00007ffd3e25b000 	C:\WINDOWS\System32\GDI32.dll
0x00007ffd3b920000 - 0x00007ffd3ba4c000 	C:\WINDOWS\System32\gdi32full.dll
0x00007ffd3b6c0000 - 0x00007ffd3b763000 	C:\WINDOWS\System32\msvcp_win.dll
0x00007ffd3cbc0000 - 0x00007ffd3cbf1000 	C:\WINDOWS\System32\IMM32.DLL
0x00007ffd2d9a0000 - 0x00007ffd2d9ac000 	C:\Users\LENOVO\.jdks\jbr-17.0.14\bin\vcruntime140_1.dll
0x00007ffd20340000 - 0x00007ffd203cd000 	C:\Users\LENOVO\.jdks\jbr-17.0.14\bin\msvcp140.dll
0x00007ffcd5560000 - 0x00007ffcd61ee000 	C:\Users\LENOVO\.jdks\jbr-17.0.14\bin\server\jvm.dll
0x00007ffd3cea0000 - 0x00007ffd3cf54000 	C:\WINDOWS\System32\ADVAPI32.dll
0x00007ffd3dc30000 - 0x00007ffd3dcd6000 	C:\WINDOWS\System32\sechost.dll
0x00007ffd3e380000 - 0x00007ffd3e498000 	C:\WINDOWS\System32\RPCRT4.dll
0x00007ffd3d100000 - 0x00007ffd3d174000 	C:\WINDOWS\System32\WS2_32.dll
0x00007ffd3b490000 - 0x00007ffd3b4ee000 	C:\WINDOWS\SYSTEM32\POWRPROF.dll
0x00007ffd23f10000 - 0x00007ffd23f45000 	C:\WINDOWS\SYSTEM32\WINMM.dll
0x00007ffd29ee0000 - 0x00007ffd29eeb000 	C:\WINDOWS\SYSTEM32\VERSION.dll
0x00007ffd3b470000 - 0x00007ffd3b484000 	C:\WINDOWS\SYSTEM32\UMPDC.dll
0x00007ffd3a3e0000 - 0x00007ffd3a3fb000 	C:\WINDOWS\SYSTEM32\kernel.appcore.dll
0x00007ffd2a610000 - 0x00007ffd2a61a000 	C:\Users\LENOVO\.jdks\jbr-17.0.14\bin\jimage.dll
0x00007ffd38d70000 - 0x00007ffd38fb2000 	C:\WINDOWS\SYSTEM32\DBGHELP.DLL
0x00007ffd3dce0000 - 0x00007ffd3e065000 	C:\WINDOWS\System32\combase.dll
0x00007ffd3c280000 - 0x00007ffd3c356000 	C:\WINDOWS\System32\OLEAUT32.dll
0x00007ffd2e250000 - 0x00007ffd2e28c000 	C:\WINDOWS\SYSTEM32\dbgcore.DLL
0x00007ffd3c060000 - 0x00007ffd3c105000 	C:\WINDOWS\System32\bcryptPrimitives.dll
0x00007ffd26860000 - 0x00007ffd26885000 	C:\Users\LENOVO\.jdks\jbr-17.0.14\bin\java.dll
0x00007ffcfe2d0000 - 0x00007ffcfe3a7000 	C:\Users\LENOVO\.jdks\jbr-17.0.14\bin\jsvml.dll
0x00007ffd3c360000 - 0x00007ffd3cab3000 	C:\WINDOWS\System32\SHELL32.dll
0x00007ffd3c110000 - 0x00007ffd3c27a000 	C:\WINDOWS\System32\wintypes.dll
0x00007ffd39270000 - 0x00007ffd39ace000 	C:\WINDOWS\SYSTEM32\windows.storage.dll
0x00007ffd3d180000 - 0x00007ffd3d275000 	C:\WINDOWS\System32\SHCORE.dll
0x00007ffd3cb50000 - 0x00007ffd3cbb6000 	C:\WINDOWS\System32\shlwapi.dll
0x00007ffd3b550000 - 0x00007ffd3b579000 	C:\WINDOWS\SYSTEM32\profapi.dll
0x00007ffd26c30000 - 0x00007ffd26c49000 	C:\Users\LENOVO\.jdks\jbr-17.0.14\bin\net.dll
0x00007ffd2c2f0000 - 0x00007ffd2c418000 	C:\WINDOWS\SYSTEM32\WINHTTP.dll
0x00007ffd3a950000 - 0x00007ffd3a9bb000 	C:\WINDOWS\system32\mswsock.dll
0x00007ffd20320000 - 0x00007ffd20336000 	C:\Users\LENOVO\.jdks\jbr-17.0.14\bin\nio.dll
0x00007ffd26c70000 - 0x00007ffd26c88000 	C:\Users\LENOVO\.jdks\jbr-17.0.14\bin\zip.dll
0x00007ffd2a5f0000 - 0x00007ffd2a600000 	C:\Users\LENOVO\.jdks\jbr-17.0.14\bin\verify.dll

dbghelp: loaded successfully - version: 4.0.5 - missing functions: none
symbol engine: initialized successfully - sym options: 0x614 - pdb path: .;C:\Users\LENOVO\.jdks\jbr-17.0.14\bin;C:\WINDOWS\SYSTEM32;C:\WINDOWS\WinSxS\amd64_microsoft.windows.common-controls_6595b64144ccf1df_6.0.26100.7309_none_3e05feeae336a044;C:\Users\LENOVO\.jdks\jbr-17.0.14\bin\server

VM Arguments:
java_command: org.jetbrains.kotlin.cli.jvm.K2JVMCompiler @C:\Users\LENOVO\StudioProjects\ProjectAkhir\app\build\20251211_6365332454417033329.compiler.options
java_class_path (initial): C:\Users\LENOVO\.gradle\caches\modules-2\files-2.1\org.jetbrains.kotlin\kotlin-compiler-embeddable\1.7.20\8db18559a581dd2c36ddfd5046af145650f5b126\kotlin-compiler-embeddable-1.7.20.jar;C:\Users\LENOVO\.gradle\caches\modules-2\files-2.1\org.jetbrains.kotlin\kotlin-reflect\1.7.20\12b2501e33bb6373e8e347c86d85481863629381\kotlin-reflect-1.7.20.jar;C:\Users\LENOVO\.gradle\caches\modules-2\files-2.1\org.jetbrains.kotlin\kotlin-stdlib\1.7.20\726594ea9ba2beb2ee113647fefa9a10f9fabe52\kotlin-stdlib-1.7.20.jar;C:\Users\LENOVO\.gradle\caches\modules-2\files-2.1\org.jetbrains.kotlin\kotlin-script-runtime\1.7.20\bcd1cc6f865e632550357fcc59f5ffd532615a8\kotlin-script-runtime-1.7.20.jar;C:\Users\LENOVO\.gradle\caches\modules-2\files-2.1\org.jetbrains.kotlin\kotlin-daemon-embeddable\1.7.20\1e24355adad8d529d75d5b19eab55484057431ba\kotlin-daemon-embeddable-1.7.20.jar;C:\Users\LENOVO\.gradle\caches\modules-2\files-2.1\org.jetbrains.intellij.deps\trove4j\1.0.20200330\3afb14d5f9ceb459d724e907a21145e8ff394f02\trove4j-1.0.20200330.jar;C:\Users\LENOVO\.gradle\caches\modules-2\files-2.1\net.java.dev.jna\jna\5.6.0\330f2244e9030119ab3030fc3fededc86713d9cc\jna-5.6.0.jar;C:\Users\LENOVO\.gradle\caches\modules-2\files-2.1\org.jetbrains.kotlin\kotlin-stdlib-common\1.7.20\e15351bdaf9fa06f009be5da7a202e4184f00ae3\kotlin-stdlib-common-1.7.20.jar;C:\Users\LENOVO\.gradle\caches\modules-2\files-2.1\org.jetbrains\annotations\13.0\919f0dfe192fb4e063e7dacadee7f8bb9a2672a9\annotations-13.0.jar
Launcher Type: SUN_STANDARD

[Global flags]
     intx CICompilerCount                          = 2                                         {product} {ergonomic}
     uint ConcGCThreads                            = 1                                         {product} {ergonomic}
     uint G1ConcRefinementThreads                  = 2                                         {product} {ergonomic}
   size_t G1HeapRegionSize                         = 1048576                                   {product} {ergonomic}
    uintx GCDrainStackTargetSize                   = 64                                        {product} {ergonomic}
   size_t InitialHeapSize                          = 62914560                                  {product} {ergonomic}
   size_t MarkStackSize                            = 4194304                                   {product} {ergonomic}
   size_t MaxHeapSize                              = 981467136                                 {product} {ergonomic}
   size_t MaxNewSize                               = 588251136                                 {product} {ergonomic}
   size_t MinHeapDeltaBytes                        = 1048576                                   {product} {ergonomic}
   size_t MinHeapSize                              = 8388608                                   {product} {ergonomic}
    uintx NonNMethodCodeHeapSize                   = 5826188                                {pd product} {ergonomic}
    uintx NonProfiledCodeHeapSize                  = 122916026                              {pd product} {ergonomic}
    uintx ProfiledCodeHeapSize                     = 122916026                              {pd product} {ergonomic}
    uintx ReservedCodeCacheSize                    = 251658240                              {pd product} {ergonomic}
     bool SegmentedCodeCache                       = true                                      {product} {ergonomic}
   size_t SoftMaxHeapSize                          = 981467136                              {manageable} {ergonomic}
     bool UseCompressedClassPointers               = true                           {product lp64_product} {ergonomic}
     bool UseCompressedOops                        = true                           {product lp64_product} {ergonomic}
     bool UseG1GC                                  = true                                      {product} {ergonomic}
     bool UseLargePagesIndividualAllocation        = false                                  {pd product} {ergonomic}

Logging:
Log output configuration:
 #0: stdout all=warning uptime,level,tags
 #1: stderr all=off uptime,level,tags

Environment Variables:
PATH=C:\Program Files (x86)\Common Files\Intel\Shared Libraries\redist\intel64\compiler;C:\WINDOWS\system32;C:\WINDOWS;C:\WINDOWS\System32\Wbem;C:\WINDOWS\System32\WindowsPowerShell\v1.0\;C:\WINDOWS\System32\OpenSSH\;D:\xampp\php;D:\xampp\mysql;C:\Program Files\Git\cmd;C:\Users\LENOVO\AppData\Local\Programs\Python\Launcher\;C:\Users\LENOVO\AppData\Local\Microsoft\WindowsApps;C:\Users\LENOVO\AppData\Local\spicetify;C:\Users\LENOVO\AppData\Local\Programs\Microsoft VS Code\bin;C:\Users\LENOVO\AppData\Local\ComposerSetup\bin;C:\Users\LENOVO\AppData\Roaming\Composer\vendor\bin;C:\Users\LENOVO\AppData\Local\Microsoft\WindowsApps;D:\laragon\bin\php\php-8.3.16-Win32-vs16-x64;
USERNAME=LENOVO
OS=Windows_NT
PROCESSOR_IDENTIFIER=Intel64 Family 6 Model 122 Stepping 8, GenuineIntel
TMP=C:\Users\LENOVO\AppData\Local\Temp
TEMP=C:\Users\LENOVO\AppData\Local\Temp



Periodic native trim disabled

JNI global refs:
JNI global refs: 7, weak refs: 2

JNI global refs memory usage: 843, weak refs: 841

Process memory usage:
Resident Set Size: 200856K (5% of 3827596K total physical memory with 855552K free physical memory)

OOME stack traces (most recent first):
Classloader memory used:
Loader jdk.internal.loader.ClassLoaders$AppClassLoader                                 : 4732K
Loader bootstrap                                                                       : 520K
Loader jdk.internal.loader.ClassLoaders$PlatformClassLoader                            : 36754B
Loader java.net.URLClassLoader                                                         : 32007B
Loader jdk.internal.reflect.DelegatingClassLoader                                      : 12450B


---------------  S Y S T E M  ---------------

OS:
 Windows 11 , 64 bit Build 26100 (10.0.26100.7309)
OS uptime: 0 days 1:28 hours

CPU: total 2 (initial active 2) (2 cores per cpu, 1 threads per core) family 6 model 122 stepping 8 microcode 0x20, cx8, cmov, fxsr, mmx, 3dnowpref, sse, sse2, sse3, ssse3, sse4.1, sse4.2, popcnt, tsc, tscinvbit, aes, erms, clmul, sha, clflush, clflushopt
Processor Information for all 2 processors :
  Max Mhz: 1101, Current Mhz: 1101, Mhz Limit: 1101

Memory: 4k page, system-wide physical 3737M (825M free)
TotalPageFile size 10198M (AvailPageFile size 5M)
current process WorkingSet (physical memory assigned to process): 196M, peak: 199M
current process commit charge ("private bytes"): 222M, peak: 225M

vm_info: OpenJDK 64-Bit Server VM (17.0.14+1-b1367.22) for windows-amd64 JRE (17.0.14+1-b1367.22), built on 2025-01-30 by "builduser" with MS VC++ 16.10 / 16.11 (VS2019)

END.
